src/App.tsx(1,1): error TS6133: 'React' is declared but its value is never read.
src/AppRouter.tsx(1,1): error TS6133: 'React' is declared but its value is never read.
src/SimpleApp.tsx(1,1): error TS6133: 'React' is declared but its value is never read.
src/components/ErrorBoundary.tsx(1,8): error TS6133: 'React' is declared but its value is never read.
src/components/TestPage.tsx(1,1): error TS6133: 'React' is declared but its value is never read.
src/components/auth/RegisterForm.tsx(1,8): error TS6133: 'React' is declared but its value is never read.
src/components/common/AIChatWidget.tsx(1,8): error TS6133: 'React' is declared but its value is never read.
src/components/common/EnhancedRiskChatbot.tsx(155,60): error TS6133: 'index' is declared but its value is never read.
src/components/common/HelpBotWidget_Enhanced.tsx(3,46): error TS6133: 'ChevronUp' is declared but its value is never read.
src/components/common/HelpBotWidget_Simple.tsx(110,47): error TS6133: 'index' is declared but its value is never read.
src/components/common/MessagesDropdown.tsx(1,8): error TS6133: 'React' is declared but its value is never read.
src/components/common/NotificationsDropdown.tsx(1,8): error TS6133: 'React' is declared but its value is never read.
src/components/common/ProfileDropdown.tsx(1,8): error TS6133: 'React' is declared but its value is never read.
src/components/common/UserProfile.tsx(1,1): error TS6133: 'React' is declared but its value is never read.
src/components/dashboard/AgentCard.tsx(1,1): error TS6133: 'React' is declared but its value is never read.
src/components/dashboard/AgentCard.tsx(19,3): error TS6133: 'completionTime' is declared but its value is never read.
src/components/layout/TopBar.tsx(1,1): error TS6133: 'React' is declared but its value is never read.
src/components/risk/RiskWordHighlighter.tsx(28,10): error TS6133: 'hoveredWord' is declared but its value is never read.
src/components/risk/RiskWordHighlighter.tsx(28,23): error TS6133: 'setHoveredWord' is declared but its value is never read.
src/index.tsx(1,1): error TS6133: 'React' is declared but its value is never read.
src/pages/AgentSelectionPage.tsx(1,8): error TS6133: 'React' is declared but its value is never read.
src/pages/HelpPage.tsx(1,8): error TS6133: 'React' is declared but its value is never read.
src/pages/LoginPage.tsx(1,1): error TS6133: 'React' is declared but its value is never read.
src/pages/MyDocumentsPage.tsx(222,9): error TS6133: 'getRiskBadgeColor' is declared but its value is never read.
src/pages/NotificationsPage.tsx(1,8): error TS6133: 'React' is declared but its value is never read.
src/pages/RegisterPage.tsx(1,1): error TS6133: 'React' is declared but its value is never read.
src/services/helpBotService.ts(124,46): error TS6133: 'text' is declared but its value is never read.
